<?xml version="1.0" encoding="UTF-8"?>
<testsuite xmlns:xsi="http://www.w3.org/2001/XMLSchema-instance" xsi:noNamespaceSchemaLocation="https://maven.apache.org/surefire/maven-surefire-plugin/xsd/surefire-test-report.xsd" name="hello.ContractRestClientApplicationTest" time="3.935" tests="1" errors="0" skipped="0" failures="1">
  <properties>
    <property name="sun.desktop" value="gnome"/>
    <property name="awt.toolkit" value="sun.awt.X11.XToolkit"/>
    <property name="java.specification.version" value="11"/>
    <property name="sun.cpu.isalist" value=""/>
    <property name="sun.jnu.encoding" value="UTF-8"/>
    <property name="java.class.path" value="/home/7comm/workspace/curso-microsservicos-b3/aula-10/examples/complete/contract-rest-client/target/test-classes:/home/7comm/workspace/curso-microsservicos-b3/aula-10/examples/complete/contract-rest-client/target/classes:/home/7comm/.m2/repository/org/springframework/boot/spring-boot-starter-web/2.4.2/spring-boot-starter-web-2.4.2.jar:/home/7comm/.m2/repository/org/springframework/boot/spring-boot-starter/2.4.2/spring-boot-starter-2.4.2.jar:/home/7comm/.m2/repository/org/springframework/boot/spring-boot/2.4.2/spring-boot-2.4.2.jar:/home/7comm/.m2/repository/org/springframework/boot/spring-boot-autoconfigure/2.4.2/spring-boot-autoconfigure-2.4.2.jar:/home/7comm/.m2/repository/org/springframework/boot/spring-boot-starter-logging/2.4.2/spring-boot-starter-logging-2.4.2.jar:/home/7comm/.m2/repository/ch/qos/logback/logback-classic/1.2.3/logback-classic-1.2.3.jar:/home/7comm/.m2/repository/ch/qos/logback/logback-core/1.2.3/logback-core-1.2.3.jar:/home/7comm/.m2/repository/org/apache/logging/log4j/log4j-to-slf4j/2.13.3/log4j-to-slf4j-2.13.3.jar:/home/7comm/.m2/repository/org/apache/logging/log4j/log4j-api/2.13.3/log4j-api-2.13.3.jar:/home/7comm/.m2/repository/org/slf4j/jul-to-slf4j/1.7.30/jul-to-slf4j-1.7.30.jar:/home/7comm/.m2/repository/jakarta/annotation/jakarta.annotation-api/1.3.5/jakarta.annotation-api-1.3.5.jar:/home/7comm/.m2/repository/org/yaml/snakeyaml/1.27/snakeyaml-1.27.jar:/home/7comm/.m2/repository/org/springframework/boot/spring-boot-starter-json/2.4.2/spring-boot-starter-json-2.4.2.jar:/home/7comm/.m2/repository/com/fasterxml/jackson/core/jackson-databind/2.11.4/jackson-databind-2.11.4.jar:/home/7comm/.m2/repository/com/fasterxml/jackson/core/jackson-annotations/2.11.4/jackson-annotations-2.11.4.jar:/home/7comm/.m2/repository/com/fasterxml/jackson/core/jackson-core/2.11.4/jackson-core-2.11.4.jar:/home/7comm/.m2/repository/com/fasterxml/jackson/datatype/jackson-datatype-jdk8/2.11.4/jackson-datatype-jdk8-2.11.4.jar:/home/7comm/.m2/repository/com/fasterxml/jackson/datatype/jackson-datatype-jsr310/2.11.4/jackson-datatype-jsr310-2.11.4.jar:/home/7comm/.m2/repository/com/fasterxml/jackson/module/jackson-module-parameter-names/2.11.4/jackson-module-parameter-names-2.11.4.jar:/home/7comm/.m2/repository/org/springframework/boot/spring-boot-starter-tomcat/2.4.2/spring-boot-starter-tomcat-2.4.2.jar:/home/7comm/.m2/repository/org/apache/tomcat/embed/tomcat-embed-core/9.0.41/tomcat-embed-core-9.0.41.jar:/home/7comm/.m2/repository/org/glassfish/jakarta.el/3.0.3/jakarta.el-3.0.3.jar:/home/7comm/.m2/repository/org/apache/tomcat/embed/tomcat-embed-websocket/9.0.41/tomcat-embed-websocket-9.0.41.jar:/home/7comm/.m2/repository/org/springframework/spring-web/5.3.3/spring-web-5.3.3.jar:/home/7comm/.m2/repository/org/springframework/spring-beans/5.3.3/spring-beans-5.3.3.jar:/home/7comm/.m2/repository/org/springframework/spring-webmvc/5.3.3/spring-webmvc-5.3.3.jar:/home/7comm/.m2/repository/org/springframework/spring-aop/5.3.3/spring-aop-5.3.3.jar:/home/7comm/.m2/repository/org/springframework/spring-context/5.3.3/spring-context-5.3.3.jar:/home/7comm/.m2/repository/org/springframework/spring-expression/5.3.3/spring-expression-5.3.3.jar:/home/7comm/.m2/repository/org/springframework/boot/spring-boot-starter-test/2.4.2/spring-boot-starter-test-2.4.2.jar:/home/7comm/.m2/repository/org/springframework/boot/spring-boot-test/2.4.2/spring-boot-test-2.4.2.jar:/home/7comm/.m2/repository/org/springframework/boot/spring-boot-test-autoconfigure/2.4.2/spring-boot-test-autoconfigure-2.4.2.jar:/home/7comm/.m2/repository/com/jayway/jsonpath/json-path/2.4.0/json-path-2.4.0.jar:/home/7comm/.m2/repository/net/minidev/json-smart/2.3/json-smart-2.3.jar:/home/7comm/.m2/repository/net/minidev/accessors-smart/1.2/accessors-smart-1.2.jar:/home/7comm/.m2/repository/org/ow2/asm/asm/5.0.4/asm-5.0.4.jar:/home/7comm/.m2/repository/org/slf4j/slf4j-api/1.7.30/slf4j-api-1.7.30.jar:/home/7comm/.m2/repository/jakarta/xml/bind/jakarta.xml.bind-api/2.3.3/jakarta.xml.bind-api-2.3.3.jar:/home/7comm/.m2/repository/jakarta/activation/jakarta.activation-api/1.2.2/jakarta.activation-api-1.2.2.jar:/home/7comm/.m2/repository/org/assertj/assertj-core/3.18.1/assertj-core-3.18.1.jar:/home/7comm/.m2/repository/org/hamcrest/hamcrest/2.2/hamcrest-2.2.jar:/home/7comm/.m2/repository/org/junit/jupiter/junit-jupiter/5.7.0/junit-jupiter-5.7.0.jar:/home/7comm/.m2/repository/org/junit/jupiter/junit-jupiter-api/5.7.0/junit-jupiter-api-5.7.0.jar:/home/7comm/.m2/repository/org/apiguardian/apiguardian-api/1.1.0/apiguardian-api-1.1.0.jar:/home/7comm/.m2/repository/org/opentest4j/opentest4j/1.2.0/opentest4j-1.2.0.jar:/home/7comm/.m2/repository/org/junit/platform/junit-platform-commons/1.7.0/junit-platform-commons-1.7.0.jar:/home/7comm/.m2/repository/org/junit/jupiter/junit-jupiter-params/5.7.0/junit-jupiter-params-5.7.0.jar:/home/7comm/.m2/repository/org/junit/jupiter/junit-jupiter-engine/5.7.0/junit-jupiter-engine-5.7.0.jar:/home/7comm/.m2/repository/org/junit/platform/junit-platform-engine/1.7.0/junit-platform-engine-1.7.0.jar:/home/7comm/.m2/repository/org/mockito/mockito-core/3.6.28/mockito-core-3.6.28.jar:/home/7comm/.m2/repository/net/bytebuddy/byte-buddy/1.10.19/byte-buddy-1.10.19.jar:/home/7comm/.m2/repository/net/bytebuddy/byte-buddy-agent/1.10.19/byte-buddy-agent-1.10.19.jar:/home/7comm/.m2/repository/org/objenesis/objenesis/3.1/objenesis-3.1.jar:/home/7comm/.m2/repository/org/mockito/mockito-junit-jupiter/3.6.28/mockito-junit-jupiter-3.6.28.jar:/home/7comm/.m2/repository/org/skyscreamer/jsonassert/1.5.0/jsonassert-1.5.0.jar:/home/7comm/.m2/repository/com/vaadin/external/google/android-json/0.0.20131108.vaadin1/android-json-0.0.20131108.vaadin1.jar:/home/7comm/.m2/repository/org/springframework/spring-core/5.3.3/spring-core-5.3.3.jar:/home/7comm/.m2/repository/org/springframework/spring-jcl/5.3.3/spring-jcl-5.3.3.jar:/home/7comm/.m2/repository/org/springframework/spring-test/5.3.3/spring-test-5.3.3.jar:/home/7comm/.m2/repository/org/xmlunit/xmlunit-core/2.7.0/xmlunit-core-2.7.0.jar:/home/7comm/.m2/repository/org/springframework/cloud/spring-cloud-starter-contract-stub-runner/3.0.1/spring-cloud-starter-contract-stub-runner-3.0.1.jar:/home/7comm/.m2/repository/org/springframework/cloud/spring-cloud-contract-stub-runner/3.0.1/spring-cloud-contract-stub-runner-3.0.1.jar:/home/7comm/.m2/repository/org/springframework/cloud/spring-cloud-contract-verifier/3.0.1/spring-cloud-contract-verifier-3.0.1.jar:/home/7comm/.m2/repository/javax/inject/javax.inject/1/javax.inject-1.jar:/home/7comm/.m2/repository/com/toomuchcoding/jsonassert/jsonassert/0.5.0/jsonassert-0.5.0.jar:/home/7comm/.m2/repository/com/rackspace/eclipse/webtools/sourceediting/org.eclipse.wst.xml.xpath2.processor/2.1.100/org.eclipse.wst.xml.xpath2.processor-2.1.100.jar:/home/7comm/.m2/repository/edu/princeton/cup/java-cup/10k/java-cup-10k.jar:/home/7comm/.m2/repository/com/ibm/icu/icu4j/4.6/icu4j-4.6.jar:/home/7comm/.m2/repository/org/codehaus/groovy/groovy/2.5.14/groovy-2.5.14.jar:/home/7comm/.m2/repository/org/codehaus/groovy/groovy-nio/2.5.14/groovy-nio-2.5.14.jar:/home/7comm/.m2/repository/org/codehaus/groovy/groovy-json/2.5.14/groovy-json-2.5.14.jar:/home/7comm/.m2/repository/org/codehaus/groovy/groovy-xml/2.5.14/groovy-xml-2.5.14.jar:/home/7comm/.m2/repository/com/github/jknack/handlebars/4.2.0/handlebars-4.2.0.jar:/home/7comm/.m2/repository/commons-beanutils/commons-beanutils/1.9.4/commons-beanutils-1.9.4.jar:/home/7comm/.m2/repository/commons-logging/commons-logging/1.2/commons-logging-1.2.jar:/home/7comm/.m2/repository/commons-collections/commons-collections/3.2.2/commons-collections-3.2.2.jar:/home/7comm/.m2/repository/com/fasterxml/jackson/dataformat/jackson-dataformat-yaml/2.11.4/jackson-dataformat-yaml-2.11.4.jar:/home/7comm/.m2/repository/net/javacrumbs/json-unit/json-unit-assertj/2.19.0/json-unit-assertj-2.19.0.jar:/home/7comm/.m2/repository/net/javacrumbs/json-unit/json-unit-core/2.19.0/json-unit-core-2.19.0.jar:/home/7comm/.m2/repository/org/hamcrest/hamcrest-core/2.2/hamcrest-core-2.2.jar:/home/7comm/.m2/repository/net/javacrumbs/json-unit/json-unit-json-path/2.19.0/json-unit-json-path-2.19.0.jar:/home/7comm/.m2/repository/org/springframework/cloud/spring-cloud-function-compiler/3.0.6.RELEASE/spring-cloud-function-compiler-3.0.6.RELEASE.jar:/home/7comm/.m2/repository/io/projectreactor/reactor-core/3.4.2/reactor-core-3.4.2.jar:/home/7comm/.m2/repository/org/reactivestreams/reactive-streams/1.0.3/reactive-streams-1.0.3.jar:/home/7comm/.m2/repository/org/eclipse/jdt/core/compiler/ecj/4.4.2/ecj-4.4.2.jar:/home/7comm/.m2/repository/javax/annotation/javax.annotation-api/1.3.2/javax.annotation-api-1.3.2.jar:/home/7comm/.m2/repository/org/springframework/cloud/spring-cloud-contract-shade/3.0.1/spring-cloud-contract-shade-3.0.1.jar:/home/7comm/.m2/repository/org/springframework/cloud/spring-cloud-contract-converters/3.0.1/spring-cloud-contract-converters-3.0.1.jar:/home/7comm/.m2/repository/org/springframework/cloud/spring-cloud-contract-spec/3.0.1/spring-cloud-contract-spec-3.0.1.jar:/home/7comm/.m2/repository/org/springframework/cloud/spring-cloud-contract-spec-java/3.0.1/spring-cloud-contract-spec-java-3.0.1.jar:/home/7comm/.m2/repository/dk/brics/automaton/automaton/1.11-8/automaton-1.11-8.jar:/home/7comm/.m2/repository/org/apache/commons/commons-text/1.9/commons-text-1.9.jar:/home/7comm/.m2/repository/org/apache/commons/commons-lang3/3.11/commons-lang3-3.11.jar:/home/7comm/.m2/repository/org/springframework/cloud/spring-cloud-contract-spec-groovy/3.0.1/spring-cloud-contract-spec-groovy-3.0.1.jar:/home/7comm/.m2/repository/org/eclipse/jgit/org.eclipse.jgit/5.1.3.201810200350-r/org.eclipse.jgit-5.1.3.201810200350-r.jar:/home/7comm/.m2/repository/com/jcraft/jsch/0.1.55/jsch-0.1.55.jar:/home/7comm/.m2/repository/com/jcraft/jzlib/1.1.1/jzlib-1.1.1.jar:/home/7comm/.m2/repository/com/googlecode/javaewah/JavaEWAH/1.1.6/JavaEWAH-1.1.6.jar:/home/7comm/.m2/repository/com/jcraft/jsch.agentproxy.sshagent/0.0.9/jsch.agentproxy.sshagent-0.0.9.jar:/home/7comm/.m2/repository/com/jcraft/jsch.agentproxy.core/0.0.9/jsch.agentproxy.core-0.0.9.jar:/home/7comm/.m2/repository/com/jcraft/jsch.agentproxy.jsch/0.0.9/jsch.agentproxy.jsch-0.0.9.jar:/home/7comm/.m2/repository/com/jcraft/jsch.agentproxy.usocket-jna/0.0.9/jsch.agentproxy.usocket-jna-0.0.9.jar:/home/7comm/.m2/repository/net/java/dev/jna/jna/4.1.0/jna-4.1.0.jar:/home/7comm/.m2/repository/net/java/dev/jna/jna-platform/4.1.0/jna-platform-4.1.0.jar:/home/7comm/.m2/repository/org/springframework/cloud/spring-cloud-contract-wiremock/3.0.1/spring-cloud-contract-wiremock-3.0.1.jar:/home/7comm/.m2/repository/com/github/tomakehurst/wiremock-jre8-standalone/2.27.1/wiremock-jre8-standalone-2.27.1.jar:/home/7comm/.m2/repository/org/apache/httpcomponents/httpclient/4.5.13/httpclient-4.5.13.jar:/home/7comm/.m2/repository/org/apache/httpcomponents/httpcore/4.4.14/httpcore-4.4.14.jar:/home/7comm/.m2/repository/commons-codec/commons-codec/1.15/commons-codec-1.15.jar:/home/7comm/.m2/repository/org/apache/maven/resolver/maven-resolver-api/1.4.1/maven-resolver-api-1.4.1.jar:"/>
    <property name="java.vm.vendor" value="Ubuntu"/>
    <property name="sun.arch.data.model" value="64"/>
    <property name="java.vendor.url" value="https://ubuntu.com/"/>
    <property name="user.timezone" value=""/>
    <property name="java.vm.specification.version" value="11"/>
    <property name="os.name" value="Linux"/>
    <property name="sun.java.launcher" value="SUN_STANDARD"/>
    <property name="user.country" value="BR"/>
    <property name="sun.boot.library.path" value="/usr/lib/jvm/java-11-openjdk-amd64/lib"/>
    <property name="sun.java.command" value="/home/7comm/workspace/curso-microsservicos-b3/aula-10/examples/complete/contract-rest-client/target/surefire/surefirebooter9786729795346863212.jar /home/7comm/workspace/curso-microsservicos-b3/aula-10/examples/complete/contract-rest-client/target/surefire 2022-03-28T18-46-44_160-jvmRun1 surefire4155367756691493959tmp surefire_017058298508960902380tmp"/>
    <property name="jdk.debug" value="release"/>
    <property name="surefire.test.class.path" value="/home/7comm/workspace/curso-microsservicos-b3/aula-10/examples/complete/contract-rest-client/target/test-classes:/home/7comm/workspace/curso-microsservicos-b3/aula-10/examples/complete/contract-rest-client/target/classes:/home/7comm/.m2/repository/org/springframework/boot/spring-boot-starter-web/2.4.2/spring-boot-starter-web-2.4.2.jar:/home/7comm/.m2/repository/org/springframework/boot/spring-boot-starter/2.4.2/spring-boot-starter-2.4.2.jar:/home/7comm/.m2/repository/org/springframework/boot/spring-boot/2.4.2/spring-boot-2.4.2.jar:/home/7comm/.m2/repository/org/springframework/boot/spring-boot-autoconfigure/2.4.2/spring-boot-autoconfigure-2.4.2.jar:/home/7comm/.m2/repository/org/springframework/boot/spring-boot-starter-logging/2.4.2/spring-boot-starter-logging-2.4.2.jar:/home/7comm/.m2/repository/ch/qos/logback/logback-classic/1.2.3/logback-classic-1.2.3.jar:/home/7comm/.m2/repository/ch/qos/logback/logback-core/1.2.3/logback-core-1.2.3.jar:/home/7comm/.m2/repository/org/apache/logging/log4j/log4j-to-slf4j/2.13.3/log4j-to-slf4j-2.13.3.jar:/home/7comm/.m2/repository/org/apache/logging/log4j/log4j-api/2.13.3/log4j-api-2.13.3.jar:/home/7comm/.m2/repository/org/slf4j/jul-to-slf4j/1.7.30/jul-to-slf4j-1.7.30.jar:/home/7comm/.m2/repository/jakarta/annotation/jakarta.annotation-api/1.3.5/jakarta.annotation-api-1.3.5.jar:/home/7comm/.m2/repository/org/yaml/snakeyaml/1.27/snakeyaml-1.27.jar:/home/7comm/.m2/repository/org/springframework/boot/spring-boot-starter-json/2.4.2/spring-boot-starter-json-2.4.2.jar:/home/7comm/.m2/repository/com/fasterxml/jackson/core/jackson-databind/2.11.4/jackson-databind-2.11.4.jar:/home/7comm/.m2/repository/com/fasterxml/jackson/core/jackson-annotations/2.11.4/jackson-annotations-2.11.4.jar:/home/7comm/.m2/repository/com/fasterxml/jackson/core/jackson-core/2.11.4/jackson-core-2.11.4.jar:/home/7comm/.m2/repository/com/fasterxml/jackson/datatype/jackson-datatype-jdk8/2.11.4/jackson-datatype-jdk8-2.11.4.jar:/home/7comm/.m2/repository/com/fasterxml/jackson/datatype/jackson-datatype-jsr310/2.11.4/jackson-datatype-jsr310-2.11.4.jar:/home/7comm/.m2/repository/com/fasterxml/jackson/module/jackson-module-parameter-names/2.11.4/jackson-module-parameter-names-2.11.4.jar:/home/7comm/.m2/repository/org/springframework/boot/spring-boot-starter-tomcat/2.4.2/spring-boot-starter-tomcat-2.4.2.jar:/home/7comm/.m2/repository/org/apache/tomcat/embed/tomcat-embed-core/9.0.41/tomcat-embed-core-9.0.41.jar:/home/7comm/.m2/repository/org/glassfish/jakarta.el/3.0.3/jakarta.el-3.0.3.jar:/home/7comm/.m2/repository/org/apache/tomcat/embed/tomcat-embed-websocket/9.0.41/tomcat-embed-websocket-9.0.41.jar:/home/7comm/.m2/repository/org/springframework/spring-web/5.3.3/spring-web-5.3.3.jar:/home/7comm/.m2/repository/org/springframework/spring-beans/5.3.3/spring-beans-5.3.3.jar:/home/7comm/.m2/repository/org/springframework/spring-webmvc/5.3.3/spring-webmvc-5.3.3.jar:/home/7comm/.m2/repository/org/springframework/spring-aop/5.3.3/spring-aop-5.3.3.jar:/home/7comm/.m2/repository/org/springframework/spring-context/5.3.3/spring-context-5.3.3.jar:/home/7comm/.m2/repository/org/springframework/spring-expression/5.3.3/spring-expression-5.3.3.jar:/home/7comm/.m2/repository/org/springframework/boot/spring-boot-starter-test/2.4.2/spring-boot-starter-test-2.4.2.jar:/home/7comm/.m2/repository/org/springframework/boot/spring-boot-test/2.4.2/spring-boot-test-2.4.2.jar:/home/7comm/.m2/repository/org/springframework/boot/spring-boot-test-autoconfigure/2.4.2/spring-boot-test-autoconfigure-2.4.2.jar:/home/7comm/.m2/repository/com/jayway/jsonpath/json-path/2.4.0/json-path-2.4.0.jar:/home/7comm/.m2/repository/net/minidev/json-smart/2.3/json-smart-2.3.jar:/home/7comm/.m2/repository/net/minidev/accessors-smart/1.2/accessors-smart-1.2.jar:/home/7comm/.m2/repository/org/ow2/asm/asm/5.0.4/asm-5.0.4.jar:/home/7comm/.m2/repository/org/slf4j/slf4j-api/1.7.30/slf4j-api-1.7.30.jar:/home/7comm/.m2/repository/jakarta/xml/bind/jakarta.xml.bind-api/2.3.3/jakarta.xml.bind-api-2.3.3.jar:/home/7comm/.m2/repository/jakarta/activation/jakarta.activation-api/1.2.2/jakarta.activation-api-1.2.2.jar:/home/7comm/.m2/repository/org/assertj/assertj-core/3.18.1/assertj-core-3.18.1.jar:/home/7comm/.m2/repository/org/hamcrest/hamcrest/2.2/hamcrest-2.2.jar:/home/7comm/.m2/repository/org/junit/jupiter/junit-jupiter/5.7.0/junit-jupiter-5.7.0.jar:/home/7comm/.m2/repository/org/junit/jupiter/junit-jupiter-api/5.7.0/junit-jupiter-api-5.7.0.jar:/home/7comm/.m2/repository/org/apiguardian/apiguardian-api/1.1.0/apiguardian-api-1.1.0.jar:/home/7comm/.m2/repository/org/opentest4j/opentest4j/1.2.0/opentest4j-1.2.0.jar:/home/7comm/.m2/repository/org/junit/platform/junit-platform-commons/1.7.0/junit-platform-commons-1.7.0.jar:/home/7comm/.m2/repository/org/junit/jupiter/junit-jupiter-params/5.7.0/junit-jupiter-params-5.7.0.jar:/home/7comm/.m2/repository/org/junit/jupiter/junit-jupiter-engine/5.7.0/junit-jupiter-engine-5.7.0.jar:/home/7comm/.m2/repository/org/junit/platform/junit-platform-engine/1.7.0/junit-platform-engine-1.7.0.jar:/home/7comm/.m2/repository/org/mockito/mockito-core/3.6.28/mockito-core-3.6.28.jar:/home/7comm/.m2/repository/net/bytebuddy/byte-buddy/1.10.19/byte-buddy-1.10.19.jar:/home/7comm/.m2/repository/net/bytebuddy/byte-buddy-agent/1.10.19/byte-buddy-agent-1.10.19.jar:/home/7comm/.m2/repository/org/objenesis/objenesis/3.1/objenesis-3.1.jar:/home/7comm/.m2/repository/org/mockito/mockito-junit-jupiter/3.6.28/mockito-junit-jupiter-3.6.28.jar:/home/7comm/.m2/repository/org/skyscreamer/jsonassert/1.5.0/jsonassert-1.5.0.jar:/home/7comm/.m2/repository/com/vaadin/external/google/android-json/0.0.20131108.vaadin1/android-json-0.0.20131108.vaadin1.jar:/home/7comm/.m2/repository/org/springframework/spring-core/5.3.3/spring-core-5.3.3.jar:/home/7comm/.m2/repository/org/springframework/spring-jcl/5.3.3/spring-jcl-5.3.3.jar:/home/7comm/.m2/repository/org/springframework/spring-test/5.3.3/spring-test-5.3.3.jar:/home/7comm/.m2/repository/org/xmlunit/xmlunit-core/2.7.0/xmlunit-core-2.7.0.jar:/home/7comm/.m2/repository/org/springframework/cloud/spring-cloud-starter-contract-stub-runner/3.0.1/spring-cloud-starter-contract-stub-runner-3.0.1.jar:/home/7comm/.m2/repository/org/springframework/cloud/spring-cloud-contract-stub-runner/3.0.1/spring-cloud-contract-stub-runner-3.0.1.jar:/home/7comm/.m2/repository/org/springframework/cloud/spring-cloud-contract-verifier/3.0.1/spring-cloud-contract-verifier-3.0.1.jar:/home/7comm/.m2/repository/javax/inject/javax.inject/1/javax.inject-1.jar:/home/7comm/.m2/repository/com/toomuchcoding/jsonassert/jsonassert/0.5.0/jsonassert-0.5.0.jar:/home/7comm/.m2/repository/com/rackspace/eclipse/webtools/sourceediting/org.eclipse.wst.xml.xpath2.processor/2.1.100/org.eclipse.wst.xml.xpath2.processor-2.1.100.jar:/home/7comm/.m2/repository/edu/princeton/cup/java-cup/10k/java-cup-10k.jar:/home/7comm/.m2/repository/com/ibm/icu/icu4j/4.6/icu4j-4.6.jar:/home/7comm/.m2/repository/org/codehaus/groovy/groovy/2.5.14/groovy-2.5.14.jar:/home/7comm/.m2/repository/org/codehaus/groovy/groovy-nio/2.5.14/groovy-nio-2.5.14.jar:/home/7comm/.m2/repository/org/codehaus/groovy/groovy-json/2.5.14/groovy-json-2.5.14.jar:/home/7comm/.m2/repository/org/codehaus/groovy/groovy-xml/2.5.14/groovy-xml-2.5.14.jar:/home/7comm/.m2/repository/com/github/jknack/handlebars/4.2.0/handlebars-4.2.0.jar:/home/7comm/.m2/repository/commons-beanutils/commons-beanutils/1.9.4/commons-beanutils-1.9.4.jar:/home/7comm/.m2/repository/commons-logging/commons-logging/1.2/commons-logging-1.2.jar:/home/7comm/.m2/repository/commons-collections/commons-collections/3.2.2/commons-collections-3.2.2.jar:/home/7comm/.m2/repository/com/fasterxml/jackson/dataformat/jackson-dataformat-yaml/2.11.4/jackson-dataformat-yaml-2.11.4.jar:/home/7comm/.m2/repository/net/javacrumbs/json-unit/json-unit-assertj/2.19.0/json-unit-assertj-2.19.0.jar:/home/7comm/.m2/repository/net/javacrumbs/json-unit/json-unit-core/2.19.0/json-unit-core-2.19.0.jar:/home/7comm/.m2/repository/org/hamcrest/hamcrest-core/2.2/hamcrest-core-2.2.jar:/home/7comm/.m2/repository/net/javacrumbs/json-unit/json-unit-json-path/2.19.0/json-unit-json-path-2.19.0.jar:/home/7comm/.m2/repository/org/springframework/cloud/spring-cloud-function-compiler/3.0.6.RELEASE/spring-cloud-function-compiler-3.0.6.RELEASE.jar:/home/7comm/.m2/repository/io/projectreactor/reactor-core/3.4.2/reactor-core-3.4.2.jar:/home/7comm/.m2/repository/org/reactivestreams/reactive-streams/1.0.3/reactive-streams-1.0.3.jar:/home/7comm/.m2/repository/org/eclipse/jdt/core/compiler/ecj/4.4.2/ecj-4.4.2.jar:/home/7comm/.m2/repository/javax/annotation/javax.annotation-api/1.3.2/javax.annotation-api-1.3.2.jar:/home/7comm/.m2/repository/org/springframework/cloud/spring-cloud-contract-shade/3.0.1/spring-cloud-contract-shade-3.0.1.jar:/home/7comm/.m2/repository/org/springframework/cloud/spring-cloud-contract-converters/3.0.1/spring-cloud-contract-converters-3.0.1.jar:/home/7comm/.m2/repository/org/springframework/cloud/spring-cloud-contract-spec/3.0.1/spring-cloud-contract-spec-3.0.1.jar:/home/7comm/.m2/repository/org/springframework/cloud/spring-cloud-contract-spec-java/3.0.1/spring-cloud-contract-spec-java-3.0.1.jar:/home/7comm/.m2/repository/dk/brics/automaton/automaton/1.11-8/automaton-1.11-8.jar:/home/7comm/.m2/repository/org/apache/commons/commons-text/1.9/commons-text-1.9.jar:/home/7comm/.m2/repository/org/apache/commons/commons-lang3/3.11/commons-lang3-3.11.jar:/home/7comm/.m2/repository/org/springframework/cloud/spring-cloud-contract-spec-groovy/3.0.1/spring-cloud-contract-spec-groovy-3.0.1.jar:/home/7comm/.m2/repository/org/eclipse/jgit/org.eclipse.jgit/5.1.3.201810200350-r/org.eclipse.jgit-5.1.3.201810200350-r.jar:/home/7comm/.m2/repository/com/jcraft/jsch/0.1.55/jsch-0.1.55.jar:/home/7comm/.m2/repository/com/jcraft/jzlib/1.1.1/jzlib-1.1.1.jar:/home/7comm/.m2/repository/com/googlecode/javaewah/JavaEWAH/1.1.6/JavaEWAH-1.1.6.jar:/home/7comm/.m2/repository/com/jcraft/jsch.agentproxy.sshagent/0.0.9/jsch.agentproxy.sshagent-0.0.9.jar:/home/7comm/.m2/repository/com/jcraft/jsch.agentproxy.core/0.0.9/jsch.agentproxy.core-0.0.9.jar:/home/7comm/.m2/repository/com/jcraft/jsch.agentproxy.jsch/0.0.9/jsch.agentproxy.jsch-0.0.9.jar:/home/7comm/.m2/repository/com/jcraft/jsch.agentproxy.usocket-jna/0.0.9/jsch.agentproxy.usocket-jna-0.0.9.jar:/home/7comm/.m2/repository/net/java/dev/jna/jna/4.1.0/jna-4.1.0.jar:/home/7comm/.m2/repository/net/java/dev/jna/jna-platform/4.1.0/jna-platform-4.1.0.jar:/home/7comm/.m2/repository/org/springframework/cloud/spring-cloud-contract-wiremock/3.0.1/spring-cloud-contract-wiremock-3.0.1.jar:/home/7comm/.m2/repository/com/github/tomakehurst/wiremock-jre8-standalone/2.27.1/wiremock-jre8-standalone-2.27.1.jar:/home/7comm/.m2/repository/org/apache/httpcomponents/httpclient/4.5.13/httpclient-4.5.13.jar:/home/7comm/.m2/repository/org/apache/httpcomponents/httpcore/4.4.14/httpcore-4.4.14.jar:/home/7comm/.m2/repository/commons-codec/commons-codec/1.15/commons-codec-1.15.jar:/home/7comm/.m2/repository/org/apache/maven/resolver/maven-resolver-api/1.4.1/maven-resolver-api-1.4.1.jar:"/>
    <property name="sun.cpu.endian" value="little"/>
    <property name="user.home" value="/home/7comm"/>
    <property name="user.language" value="pt"/>
    <property name="java.specification.vendor" value="Oracle Corporation"/>
    <property name="java.version.date" value="2022-01-18"/>
    <property name="java.home" value="/usr/lib/jvm/java-11-openjdk-amd64"/>
    <property name="file.separator" value="/"/>
    <property name="basedir" value="/home/7comm/workspace/curso-microsservicos-b3/aula-10/examples/complete/contract-rest-client"/>
    <property name="java.vm.compressedOopsMode" value="Zero based"/>
    <property name="line.separator" value="&#10;"/>
    <property name="java.specification.name" value="Java Platform API Specification"/>
    <property name="java.vm.specification.vendor" value="Oracle Corporation"/>
    <property name="java.awt.graphicsenv" value="sun.awt.X11GraphicsEnvironment"/>
    <property name="surefire.real.class.path" value="/home/7comm/workspace/curso-microsservicos-b3/aula-10/examples/complete/contract-rest-client/target/surefire/surefirebooter9786729795346863212.jar"/>
    <property name="sun.management.compiler" value="HotSpot 64-Bit Tiered Compilers"/>
    <property name="java.runtime.version" value="11.0.14+9-Ubuntu-0ubuntu2.22.10"/>
    <property name="user.name" value="7comm"/>
    <property name="path.separator" value=":"/>
    <property name="os.version" value="5.16.11-76051611-generic"/>
    <property name="java.runtime.name" value="OpenJDK Runtime Environment"/>
    <property name="file.encoding" value="UTF-8"/>
    <property name="java.vm.name" value="OpenJDK 64-Bit Server VM"/>
    <property name="localRepository" value="/home/7comm/.m2/repository"/>
    <property name="java.vendor.url.bug" value="https://bugs.launchpad.net/ubuntu/+source/openjdk-lts"/>
    <property name="java.io.tmpdir" value="/tmp"/>
    <property name="java.version" value="11.0.14"/>
    <property name="user.dir" value="/home/7comm/workspace/curso-microsservicos-b3/aula-10/examples/complete/contract-rest-client"/>
    <property name="os.arch" value="amd64"/>
    <property name="java.vm.specification.name" value="Java Virtual Machine Specification"/>
    <property name="java.awt.printerjob" value="sun.print.PSPrinterJob"/>
    <property name="sun.os.patch.level" value="unknown"/>
    <property name="java.library.path" value="/usr/java/packages/lib:/usr/lib/x86_64-linux-gnu/jni:/lib/x86_64-linux-gnu:/usr/lib/x86_64-linux-gnu:/usr/lib/jni:/lib:/usr/lib"/>
    <property name="java.vm.info" value="mixed mode, sharing"/>
    <property name="java.vendor" value="Ubuntu"/>
    <property name="java.vm.version" value="11.0.14+9-Ubuntu-0ubuntu2.22.10"/>
    <property name="sun.io.unicode.encoding" value="UnicodeLittle"/>
    <property name="java.class.version" value="55.0"/>
  </properties>
  <testcase name="get_person_from_service_contract" classname="hello.ContractRestClientApplicationTest" time="1.748">
    <failure message="&#10;Expecting:&#10; &lt;&quot;outro nome&quot;&gt;&#10;to be equal to:&#10; &lt;&quot;outro nome versão 3&quot;&gt;&#10;but was not." type="org.opentest4j.AssertionFailedError"><![CDATA[org.opentest4j.AssertionFailedError: 

Expecting:
 <"outro nome">
to be equal to:
 <"outro nome versão 3">
but was not.
	at hello.ContractRestClientApplicationTest.get_person_from_service_contract(ContractRestClientApplicationTest.java:33)
]]></failure>
    <system-out><![CDATA[18:46:44.914 [main] DEBUG org.springframework.test.context.BootstrapUtils - Instantiating CacheAwareContextLoaderDelegate from class [org.springframework.test.context.cache.DefaultCacheAwareContextLoaderDelegate]
18:46:44.923 [main] DEBUG org.springframework.test.context.BootstrapUtils - Instantiating BootstrapContext using constructor [public org.springframework.test.context.support.DefaultBootstrapContext(java.lang.Class,org.springframework.test.context.CacheAwareContextLoaderDelegate)]
18:46:44.952 [main] DEBUG org.springframework.test.context.BootstrapUtils - Instantiating TestContextBootstrapper for test class [hello.ContractRestClientApplicationTest] from class [org.springframework.boot.test.context.SpringBootTestContextBootstrapper]
18:46:44.960 [main] INFO org.springframework.boot.test.context.SpringBootTestContextBootstrapper - Neither @ContextConfiguration nor @ContextHierarchy found for test class [hello.ContractRestClientApplicationTest], using SpringBootContextLoader
18:46:44.963 [main] DEBUG org.springframework.test.context.support.AbstractContextLoader - Did not detect default resource location for test class [hello.ContractRestClientApplicationTest]: class path resource [hello/ContractRestClientApplicationTest-context.xml] does not exist
18:46:44.964 [main] DEBUG org.springframework.test.context.support.AbstractContextLoader - Did not detect default resource location for test class [hello.ContractRestClientApplicationTest]: class path resource [hello/ContractRestClientApplicationTestContext.groovy] does not exist
18:46:44.964 [main] INFO org.springframework.test.context.support.AbstractContextLoader - Could not detect default resource locations for test class [hello.ContractRestClientApplicationTest]: no resource found for suffixes {-context.xml, Context.groovy}.
18:46:44.965 [main] INFO org.springframework.test.context.support.AnnotationConfigContextLoaderUtils - Could not detect default configuration classes for test class [hello.ContractRestClientApplicationTest]: ContractRestClientApplicationTest does not declare any static, non-private, non-final, nested classes annotated with @Configuration.
18:46:45.006 [main] DEBUG org.springframework.test.context.support.ActiveProfilesUtils - Could not find an 'annotation declaring class' for annotation type [org.springframework.test.context.ActiveProfiles] and class [hello.ContractRestClientApplicationTest]
18:46:45.059 [main] DEBUG org.springframework.context.annotation.ClassPathScanningCandidateComponentProvider - Identified candidate component class: file [/home/7comm/workspace/curso-microsservicos-b3/aula-10/examples/complete/contract-rest-client/target/classes/hello/ContractRestClientApplication.class]
18:46:45.068 [main] INFO org.springframework.boot.test.context.SpringBootTestContextBootstrapper - Found @SpringBootConfiguration hello.ContractRestClientApplication for test class hello.ContractRestClientApplicationTest
18:46:45.129 [main] DEBUG org.springframework.boot.test.context.SpringBootTestContextBootstrapper - @TestExecutionListeners is not present for class [hello.ContractRestClientApplicationTest]: using defaults.
18:46:45.130 [main] INFO org.springframework.boot.test.context.SpringBootTestContextBootstrapper - Loaded default TestExecutionListener class names from location [META-INF/spring.factories]: [org.springframework.boot.test.mock.mockito.MockitoTestExecutionListener, org.springframework.boot.test.mock.mockito.ResetMocksTestExecutionListener, org.springframework.boot.test.autoconfigure.restdocs.RestDocsTestExecutionListener, org.springframework.boot.test.autoconfigure.web.client.MockRestServiceServerResetTestExecutionListener, org.springframework.boot.test.autoconfigure.web.servlet.MockMvcPrintOnlyOnFailureTestExecutionListener, org.springframework.boot.test.autoconfigure.web.servlet.WebDriverTestExecutionListener, org.springframework.boot.test.autoconfigure.webservices.client.MockWebServiceServerTestExecutionListener, org.springframework.test.context.web.ServletTestExecutionListener, org.springframework.test.context.support.DirtiesContextBeforeModesTestExecutionListener, org.springframework.test.context.event.ApplicationEventsTestExecutionListener, org.springframework.test.context.support.DependencyInjectionTestExecutionListener, org.springframework.test.context.support.DirtiesContextTestExecutionListener, org.springframework.test.context.transaction.TransactionalTestExecutionListener, org.springframework.test.context.jdbc.SqlScriptsTestExecutionListener, org.springframework.test.context.event.EventPublishingTestExecutionListener, org.springframework.cloud.contract.stubrunner.provider.wiremock.StubRunnerWireMockTestExecutionListener, org.springframework.cloud.contract.wiremock.WireMockTestExecutionListener]
18:46:45.141 [main] DEBUG org.springframework.boot.test.context.SpringBootTestContextBootstrapper - Skipping candidate TestExecutionListener [org.springframework.test.context.transaction.TransactionalTestExecutionListener] due to a missing dependency. Specify custom listener classes or make the default listener classes and their required dependencies available. Offending class: [org/springframework/transaction/interceptor/TransactionAttributeSource]
18:46:45.142 [main] DEBUG org.springframework.boot.test.context.SpringBootTestContextBootstrapper - Skipping candidate TestExecutionListener [org.springframework.test.context.jdbc.SqlScriptsTestExecutionListener] due to a missing dependency. Specify custom listener classes or make the default listener classes and their required dependencies available. Offending class: [org/springframework/transaction/interceptor/TransactionAttribute]
18:46:45.143 [main] INFO org.springframework.boot.test.context.SpringBootTestContextBootstrapper - Using TestExecutionListeners: [org.springframework.test.context.web.ServletTestExecutionListener@7fcf2fc1, org.springframework.test.context.support.DirtiesContextBeforeModesTestExecutionListener@2141a12, org.springframework.test.context.event.ApplicationEventsTestExecutionListener@4196c360, org.springframework.boot.test.mock.mockito.MockitoTestExecutionListener@41294f8, org.springframework.boot.test.autoconfigure.SpringBootDependencyInjectionTestExecutionListener@225129c, org.springframework.test.context.support.DirtiesContextTestExecutionListener@20435c40, org.springframework.test.context.event.EventPublishingTestExecutionListener@573906eb, org.springframework.boot.test.mock.mockito.ResetMocksTestExecutionListener@479ceda0, org.springframework.boot.test.autoconfigure.restdocs.RestDocsTestExecutionListener@6d07a63d, org.springframework.boot.test.autoconfigure.web.client.MockRestServiceServerResetTestExecutionListener@571c5681, org.springframework.boot.test.autoconfigure.web.servlet.MockMvcPrintOnlyOnFailureTestExecutionListener@488d1cd7, org.springframework.boot.test.autoconfigure.web.servlet.WebDriverTestExecutionListener@68dc098b, org.springframework.boot.test.autoconfigure.webservices.client.MockWebServiceServerTestExecutionListener@38ba6ce3, org.springframework.cloud.contract.stubrunner.provider.wiremock.StubRunnerWireMockTestExecutionListener@d278d2b, org.springframework.cloud.contract.wiremock.WireMockTestExecutionListener@2d6c53fc]
18:46:45.145 [main] DEBUG org.springframework.test.context.support.AbstractDirtiesContextTestExecutionListener - Before test class: context [DefaultTestContext@71329995 testClass = ContractRestClientApplicationTest, testInstance = [null], testMethod = [null], testException = [null], mergedContextConfiguration = [WebMergedContextConfiguration@768fc0f2 testClass = ContractRestClientApplicationTest, locations = '{}', classes = '{class hello.ContractRestClientApplication}', contextInitializerClasses = '[]', activeProfiles = '{}', propertySourceLocations = '{}', propertySourceProperties = '{org.springframework.boot.test.context.SpringBootTestContextBootstrapper=true}', contextCustomizers = set[org.springframework.boot.test.context.filter.ExcludeFilterContextCustomizer@10959ece, org.springframework.boot.test.json.DuplicateJsonObjectContextCustomizerFactory$DuplicateJsonObjectContextCustomizer@65f095f8, org.springframework.boot.test.mock.mockito.MockitoContextCustomizer@0, org.springframework.boot.test.web.client.TestRestTemplateContextCustomizer@be35cd9, org.springframework.boot.test.autoconfigure.actuate.metrics.MetricsExportContextCustomizerFactory$DisableMetricExportContextCustomizer@66498326, org.springframework.boot.test.autoconfigure.properties.PropertyMappingContextCustomizer@0, org.springframework.boot.test.autoconfigure.web.servlet.WebDriverContextCustomizerFactory$Customizer@6bedbc4d, org.springframework.boot.test.context.SpringBootTestArgs@1, org.springframework.boot.test.context.SpringBootTestWebEnvironment@4b1c1ea0], resourceBasePath = 'src/main/webapp', contextLoader = 'org.springframework.boot.test.context.SpringBootContextLoader', parent = [null]], attributes = map['org.springframework.test.context.web.ServletTestExecutionListener.activateListener' -> true]], class annotated with @DirtiesContext [false] with mode [null].
18:46:45.174 [main] DEBUG org.springframework.test.context.support.TestPropertySourceUtils - Adding inlined properties to environment: {spring.jmx.enabled=false, org.springframework.boot.test.context.SpringBootTestContextBootstrapper=true}

  .   ____          _            __ _ _
 /\\ / ___'_ __ _ _(_)_ __  __ _ \ \ \ \
( ( )\___ | '_ | '_| | '_ \/ _` | \ \ \ \
 \\/  ___)| |_)| | | | | || (_| |  ) ) ) )
  '  |____| .__|_| |_|_| |_\__, | / / / /
 =========|_|==============|___/=/_/_/_/
 :: Spring Boot ::                (v2.4.2)

2022-03-28 18:46:45.387  INFO 22191 --- [           main] hello.ContractRestClientApplicationTest  : Starting ContractRestClientApplicationTest using Java 11.0.14 on pop-os with PID 22191 (started by 7comm in /home/7comm/workspace/curso-microsservicos-b3/aula-10/examples/complete/contract-rest-client)
2022-03-28 18:46:45.391  INFO 22191 --- [           main] hello.ContractRestClientApplicationTest  : No active profile set, falling back to default profiles: default
2022-03-28 18:46:46.812  INFO 22191 --- [           main] o.s.s.concurrent.ThreadPoolTaskExecutor  : Initializing ExecutorService 'applicationTaskExecutor'
2022-03-28 18:46:47.011  INFO 22191 --- [           main] hello.ContractRestClientApplicationTest  : Started ContractRestClientApplicationTest in 1.83 seconds (JVM running for 2.662)
2022-03-28 18:46:47.279  INFO 22191 --- [           main] o.s.c.c.s.AetherStubDownloaderBuilder    : Will download stubs and contracts via Aether
2022-03-28 18:46:47.311  INFO 22191 --- [           main] o.s.c.c.stubrunner.AetherStubDownloader  : Remote repos not passed but the switch to work offline was set. Stubs will be used from your local Maven repository.
2022-03-28 18:46:47.379  INFO 22191 --- [           main] o.s.c.c.stubrunner.AetherStubDownloader  : Resolved version is [0.0.1-SNAPSHOT]
2022-03-28 18:46:47.387  INFO 22191 --- [           main] o.s.c.c.stubrunner.AetherStubDownloader  : Resolved artifact [com.example:contract-rest-service:jar:stubs:0.0.1-SNAPSHOT] to /home/7comm/.m2/repository/com/example/contract-rest-service/0.0.1-SNAPSHOT/contract-rest-service-0.0.1-SNAPSHOT-stubs.jar
2022-03-28 18:46:47.388  INFO 22191 --- [           main] o.s.c.c.stubrunner.AetherStubDownloader  : Unpacking stub from JAR [URI: file:/home/7comm/.m2/repository/com/example/contract-rest-service/0.0.1-SNAPSHOT/contract-rest-service-0.0.1-SNAPSHOT-stubs.jar]
2022-03-28 18:46:47.390  INFO 22191 --- [           main] o.s.c.c.stubrunner.AetherStubDownloader  : Unpacked file to [/tmp/contracts-1648504007387-0]
2022-03-28 18:46:48.214  INFO 22191 --- [           main] wiremock.org.eclipse.jetty.util.log      : Logging initialized @3864ms to wiremock.org.eclipse.jetty.util.log.Slf4jLog
2022-03-28 18:46:48.319  INFO 22191 --- [           main] w.org.eclipse.jetty.server.Server        : jetty-9.4.30.v20200611; built: 2020-06-11T12:34:51.929Z; git: 271836e4c1f4612f12b7bb13ef5a92a927634b0d; jvm 11.0.14+9-Ubuntu-0ubuntu2.22.10
2022-03-28 18:46:48.332  INFO 22191 --- [           main] w.o.e.j.server.handler.ContextHandler    : Started w.o.e.j.s.ServletContextHandler@75c0cd39{/__admin,null,AVAILABLE}
2022-03-28 18:46:48.333  INFO 22191 --- [           main] w.o.e.j.server.handler.ContextHandler    : Started w.o.e.j.s.ServletContextHandler@2e9dcdd3{/,null,AVAILABLE}
2022-03-28 18:46:48.347  INFO 22191 --- [           main] w.o.e.jetty.server.AbstractConnector     : Started NetworkTrafficServerConnector@220be130{HTTP/1.1, (http/1.1)}{0.0.0.0:8100}
2022-03-28 18:46:48.348  INFO 22191 --- [           main] w.org.eclipse.jetty.server.Server        : Started @3998ms
2022-03-28 18:46:48.469  INFO 22191 --- [tp1407036358-28] w.o.e.j.s.h.ContextHandler.__admin       : RequestHandlerClass from context returned com.github.tomakehurst.wiremock.http.AdminRequestHandler. Normalized mapped under returned 'null'
2022-03-28 18:46:48.481  INFO 22191 --- [tp1407036358-28] WireMock                                 : Admin request received:
127.0.0.1 - POST /mappings

Connection: [keep-alive]
User-Agent: [Apache-HttpClient/4.5.12 (Java/11.0.14)]
Host: [localhost:8100]
Content-Length: [225]
Content-Type: [text/plain; charset=UTF-8]
{
  "id" : "b5b84b28-6dcb-4d7a-b3a0-1a5add59ae96",
  "request" : {
    "url" : "/ping",
    "method" : "GET"
  },
  "response" : {
    "status" : 200,
    "body" : "OK"
  },
  "uuid" : "b5b84b28-6dcb-4d7a-b3a0-1a5add59ae96"
}

2022-03-28 18:46:48.524  INFO 22191 --- [tp1407036358-22] WireMock                                 : Admin request received:
127.0.0.1 - POST /mappings

Connection: [keep-alive]
User-Agent: [Apache-HttpClient/4.5.12 (Java/11.0.14)]
Host: [localhost:8100]
Content-Length: [227]
Content-Type: [text/plain; charset=UTF-8]
{
  "id" : "4ce57bb3-7f00-4d00-9e0c-6d4ddaeca7e7",
  "request" : {
    "url" : "/health",
    "method" : "GET"
  },
  "response" : {
    "status" : 200,
    "body" : "OK"
  },
  "uuid" : "4ce57bb3-7f00-4d00-9e0c-6d4ddaeca7e7"
}

2022-03-28 18:46:48.547  INFO 22191 --- [tp1407036358-27] WireMock                                 : Admin request received:
127.0.0.1 - POST /mappings

Connection: [keep-alive]
User-Agent: [Apache-HttpClient/4.5.12 (Java/11.0.14)]
Host: [localhost:8100]
Content-Length: [419]
Content-Type: [text/plain; charset=UTF-8]
{
  "id" : "e6485436-438b-4f46-a73f-424574843ea8",
  "request" : {
    "url" : "/person/1",
    "method" : "GET"
  },
  "response" : {
    "status" : 200,
    "body" : "{\"id\":1,\"name\":\"outro nome\",\"surname\":\"bee\"}",
    "headers" : {
      "Content-Type" : "application/json"
    },
    "transformers" : [ "response-template", "spring-cloud-contract" ]
  },
  "uuid" : "e6485436-438b-4f46-a73f-424574843ea8"
}

2022-03-28 18:46:48.566  INFO 22191 --- [           main] o.s.c.contract.stubrunner.StubServer     : Started stub server for project [com.example:contract-rest-service:0.0.1-SNAPSHOT:stubs] on port 8100 with [1] mappings
2022-03-28 18:46:48.567  INFO 22191 --- [           main] o.s.c.c.stubrunner.StubRunnerExecutor    : All stubs are now running RunningStubs [namesAndPorts={com.example:contract-rest-service:0.0.1-SNAPSHOT:stubs=8100}]
2022-03-28 18:46:48.644  INFO 22191 --- [tp1407036358-21] w.o.e.j.s.handler.ContextHandler.ROOT    : RequestHandlerClass from context returned com.github.tomakehurst.wiremock.http.StubRequestHandler. Normalized mapped under returned 'null'
2022-03-28 18:46:48.715  INFO 22191 --- [tp1407036358-21] WireMock                                 : Request received:
127.0.0.1 - GET /person/1

Accept: [application/json, application/*+json]
User-Agent: [Java/11.0.14]
Connection: [keep-alive]
Host: [localhost:8100]



Matched response definition:
{
  "status" : 200,
  "body" : "{\"id\":1,\"name\":\"outro nome\",\"surname\":\"bee\"}",
  "headers" : {
    "Content-Type" : "application/json"
  },
  "transformers" : [ "response-template", "spring-cloud-contract" ]
}

Response:
HTTP/1.1 200
Content-Type: [application/json]
Matched-Stub-Id: [e6485436-438b-4f46-a73f-424574843ea8]


2022-03-28 18:46:48.768  INFO 22191 --- [           main] w.o.e.jetty.server.AbstractConnector     : Stopped NetworkTrafficServerConnector@220be130{HTTP/1.1, (http/1.1)}{0.0.0.0:8100}
2022-03-28 18:46:48.769  INFO 22191 --- [           main] w.o.e.j.server.handler.ContextHandler    : Stopped w.o.e.j.s.ServletContextHandler@2e9dcdd3{/,null,UNAVAILABLE}
2022-03-28 18:46:48.769  INFO 22191 --- [           main] w.o.e.j.server.handler.ContextHandler    : Stopped w.o.e.j.s.ServletContextHandler@75c0cd39{/__admin,null,UNAVAILABLE}
]]></system-out>
  </testcase>
</testsuite>